<?xml version="1.0" encoding="UTF-8"?>
<!-- Generated by org.testng.reporters.JUnitReportReporter -->
<testsuite hostname="DESKTOP-EOHHPE5" failures="0" tests="1" name="testrunner.HRMSTestRunner" time="19.824" errors="0" timestamp="2021-06-28T17:05:32 IST" skipped="0">
  <testcase classname="testrunner.HRMSTestRunner" name="runScenario" time="19.824"/>
  <system-out/>
</testsuite> <!-- testrunner.HRMSTestRunner -->
